[21:36:14][gfx_dx9.cpp:4031]: Loading settings for adapter -1, fullscreen=0, multisample=15
[21:36:14][gfx_dx9.cpp:4053]: Graphic Adapters: 
[21:36:14][gfx_dx9.cpp:4061]: 	0: NVIDIA GeForce GTX 1060 6GB
[21:36:14][gfx_dx9.cpp:4080]: Using Adapter [0] to check for multi-sampling support:
[21:36:14][gfx_dx9.cpp:4098]: Using Adapter [0]:
[21:36:14][gfx_dx9.cpp:4104]: Succeeded to create a device [D3DCREATE_HARDWARE_VERTEXPROCESSING].
[21:36:14][gfx_dx9.cpp:4143]: Graphics device: NVIDIA GeForce GTX 1060 6GB
[21:36:14][gfx_dx9.cpp:4144]: Graphics driver: nvldumd.dll
[21:36:14][gfx_dx9.cpp:4145]: Driver version: 8813
[21:36:14][gfx_dx9.cpp:4160]: 


Dumping all gfx info:
DeviceIdentifier:	{D7B71E3E-5F43-11CF-BF55-8C121BC2DA35}
VendorId:	4318
DeviceId:	7171
SubSysId:	847320162
Revision:	161
DriverVersion.HighPart:	1507349
DriverVersion.LowPart:	860781


[21:36:14][gfx_dx9.cpp:4180]: Instancing supported.
[21:36:14][gfx_dx9.cpp:4229]: Video memory amount: 4095MB
[21:36:14][gfx_dx9.cpp:4230]: MaxSimultaneousTextures: 8
[21:36:14][gfx_dx9.cpp:4231]: MaxVertexBlendMatrices: 4
[21:36:14][gfx_dx9.cpp:4232]: MaxVertexBlendMatrixIndex: 8
[21:36:14][gfx_dx9.cpp:4233]: MaxSimultaneousTextures: 8
[21:36:14][gfx_dx9.cpp:4234]: MaxTextureBlendStages: 8
[21:36:14][gfx_dx9.cpp:4235]: MaxTextureWidth: 16384
[21:36:14][gfx_dx9.cpp:4236]: MaxTextureHeight: 16384
[21:36:14][gfx_dx9.cpp:4239]: Vertex Shader version: 3.0
[21:36:14][gfx_dx9.cpp:4244]: Pixel Shader version: 3.0
[21:36:14][graphicssettings.cpp:154]: 	2 samples supported.
[21:36:14][graphicssettings.cpp:154]: 	4 samples supported.
[21:36:14][graphicssettings.cpp:154]: 	8 samples supported.
[21:36:14][graphicssettings.cpp:185]: Support for Anisotropic filtering found.
[21:36:14][graphicssettings.cpp:188]: 	Max Anisotropic filtering supported: 16
[21:36:14][graphicssettings.cpp:189]: 	Anisotropic filtering set to: 16
[21:36:14][pdx_audio_sdl.cpp:108]: [0] Audio device: Realtek HD Audio 2nd output (Realtek High Definition Audio)
[21:36:14][pdx_audio_sdl.cpp:108]: [1] Audio device: 扬声器 (Realtek High Definition Audio)
[21:36:14][pdx_audio_sdl.cpp:108]: [2] Audio device: Realtek Digital Output (Realtek High Definition Audio)
[21:36:14][pdx_audio_sdl.cpp:114]: [0] Audio driver: directsound
[21:36:14][pdx_audio_sdl.cpp:114]: [1] Audio driver: winmm
[21:36:14][pdx_audio_sdl.cpp:114]: [2] Audio driver: disk
[21:36:14][pdx_audio_sdl.cpp:114]: [3] Audio driver: dummy
[21:36:14][pdx_audio_sdl.cpp:139]: Current audio driver: directsound
[21:36:14][pdx_audio_sdl.cpp:146]: 
	Frequency: 44100
	Format: 32784
	Channels: 2
	Samples: 1024
[21:36:15][gfx_dx9.cpp:4031]: Loading settings for adapter -1, fullscreen=0, multisample=15
[21:36:15][gfx_dx9.cpp:4053]: Graphic Adapters: 
[21:36:15][gfx_dx9.cpp:4061]: 	0: NVIDIA GeForce GTX 1060 6GB
[21:36:15][gfx_dx9.cpp:4080]: Using Adapter [0] to check for multi-sampling support:
[21:36:15][gfx_dx9.cpp:4098]: Using Adapter [0]:
[21:36:15][gfx_dx9.cpp:4104]: Succeeded to create a device [D3DCREATE_HARDWARE_VERTEXPROCESSING].
[21:36:15][gfx_dx9.cpp:4143]: Graphics device: NVIDIA GeForce GTX 1060 6GB
[21:36:15][gfx_dx9.cpp:4144]: Graphics driver: nvldumd.dll
[21:36:15][gfx_dx9.cpp:4145]: Driver version: 8813
[21:36:15][gfx_dx9.cpp:4160]: 


Dumping all gfx info:
DeviceIdentifier:	{D7B71E3E-5F43-11CF-BF55-8C121BC2DA35}
VendorId:	4318
DeviceId:	7171
SubSysId:	847320162
Revision:	161
DriverVersion.HighPart:	1507349
DriverVersion.LowPart:	860781


[21:36:15][gfx_dx9.cpp:4180]: Instancing supported.
[21:36:15][gfx_dx9.cpp:4229]: Video memory amount: 4095MB
[21:36:15][gfx_dx9.cpp:4230]: MaxSimultaneousTextures: 8
[21:36:15][gfx_dx9.cpp:4231]: MaxVertexBlendMatrices: 4
[21:36:15][gfx_dx9.cpp:4232]: MaxVertexBlendMatrixIndex: 8
[21:36:15][gfx_dx9.cpp:4233]: MaxSimultaneousTextures: 8
[21:36:15][gfx_dx9.cpp:4234]: MaxTextureBlendStages: 8
[21:36:15][gfx_dx9.cpp:4235]: MaxTextureWidth: 16384
[21:36:15][gfx_dx9.cpp:4236]: MaxTextureHeight: 16384
[21:36:15][gfx_dx9.cpp:4239]: Vertex Shader version: 3.0
[21:36:15][gfx_dx9.cpp:4244]: Pixel Shader version: 3.0
[21:36:15][graphicssettings.cpp:154]: 	2 samples supported.
[21:36:15][graphicssettings.cpp:154]: 	4 samples supported.
[21:36:15][graphicssettings.cpp:154]: 	8 samples supported.
[21:36:15][graphicssettings.cpp:185]: Support for Anisotropic filtering found.
[21:36:15][graphicssettings.cpp:188]: 	Max Anisotropic filtering supported: 16
[21:36:15][graphicssettings.cpp:189]: 	Anisotropic filtering set to: 16
[21:36:15][graphicssettings.cpp:730]: Not using multisampling.
[21:36:15][graphics.cpp:819]: Creating device with: HARDWARE_VERTEXPROCESSING
	Fullscreen=no
	Resolution=1080x600
[21:36:15][graphicssettings.cpp:688]: Usable res: 640 480 60
[21:36:15][graphicssettings.cpp:688]: Usable res: 640 480 72
[21:36:15][graphicssettings.cpp:688]: Usable res: 640 480 75
[21:36:15][graphicssettings.cpp:688]: Usable res: 720 480 60
[21:36:15][graphicssettings.cpp:688]: Usable res: 720 576 50
[21:36:15][graphicssettings.cpp:688]: Usable res: 800 600 56
[21:36:15][graphicssettings.cpp:688]: Usable res: 800 600 60
[21:36:15][graphicssettings.cpp:688]: Usable res: 800 600 72
[21:36:15][graphicssettings.cpp:688]: Usable res: 800 600 75
[21:36:15][graphicssettings.cpp:688]: Usable res: 1024 768 60
[21:36:15][graphicssettings.cpp:688]: Usable res: 1024 768 70
[21:36:15][graphicssettings.cpp:688]: Usable res: 1024 768 75
[21:36:15][graphicssettings.cpp:688]: Usable res: 1152 864 75
[21:36:15][graphicssettings.cpp:688]: Usable res: 1176 664 50
[21:36:15][graphicssettings.cpp:688]: Usable res: 1176 664 60
[21:36:15][graphicssettings.cpp:688]: Usable res: 1280 720 60
[21:36:15][graphicssettings.cpp:688]: Usable res: 1280 720 50
[21:36:15][graphicssettings.cpp:688]: Usable res: 1280 768 60
[21:36:15][graphicssettings.cpp:688]: Usable res: 1280 800 60
[21:36:15][graphicssettings.cpp:688]: Usable res: 1280 960 60
[21:36:15][graphicssettings.cpp:688]: Usable res: 1280 960 75
[21:36:15][graphicssettings.cpp:688]: Usable res: 1280 1024 60
[21:36:15][graphicssettings.cpp:688]: Usable res: 1280 1024 75
[21:36:15][graphicssettings.cpp:688]: Usable res: 1360 768 60
[21:36:15][graphicssettings.cpp:688]: Usable res: 1366 768 60
[21:36:15][graphicssettings.cpp:688]: Usable res: 1600 900 60
[21:36:15][graphicssettings.cpp:688]: Usable res: 1600 1024 59
[21:36:15][graphicssettings.cpp:688]: Usable res: 1680 1050 59
[21:36:15][graphicssettings.cpp:688]: Usable res: 1768 992 60
[21:36:15][graphicssettings.cpp:688]: Usable res: 1768 992 50
[21:36:15][graphicssettings.cpp:688]: Usable res: 1920 1080 60
[21:36:15][graphicssettings.cpp:688]: Usable res: 1920 1080 50
[21:36:15][graphicssettings.cpp:688]: Usable res: 1440 900 60
[21:36:15][graphics.cpp:854]: Done creating device.
[21:36:17][graphicssettings.cpp:688]: Usable res: 640 480 60
[21:36:17][graphicssettings.cpp:688]: Usable res: 640 480 72
[21:36:17][graphicssettings.cpp:688]: Usable res: 640 480 75
[21:36:17][graphicssettings.cpp:688]: Usable res: 720 480 60
[21:36:17][graphicssettings.cpp:688]: Usable res: 720 576 50
[21:36:17][graphicssettings.cpp:688]: Usable res: 800 600 56
[21:36:17][graphicssettings.cpp:688]: Usable res: 800 600 60
[21:36:17][graphicssettings.cpp:688]: Usable res: 800 600 72
[21:36:17][graphicssettings.cpp:688]: Usable res: 800 600 75
[21:36:17][graphicssettings.cpp:688]: Usable res: 1024 768 60
[21:36:17][graphicssettings.cpp:688]: Usable res: 1024 768 70
[21:36:17][graphicssettings.cpp:688]: Usable res: 1024 768 75
[21:36:17][graphicssettings.cpp:688]: Usable res: 1152 864 75
[21:36:17][graphicssettings.cpp:688]: Usable res: 1176 664 50
[21:36:17][graphicssettings.cpp:688]: Usable res: 1176 664 60
[21:36:17][graphicssettings.cpp:688]: Usable res: 1280 720 60
[21:36:17][graphicssettings.cpp:688]: Usable res: 1280 720 50
[21:36:17][graphicssettings.cpp:688]: Usable res: 1280 768 60
[21:36:17][graphicssettings.cpp:688]: Usable res: 1280 800 60
[21:36:17][graphicssettings.cpp:688]: Usable res: 1280 960 60
[21:36:17][graphicssettings.cpp:688]: Usable res: 1280 960 75
[21:36:17][graphicssettings.cpp:688]: Usable res: 1280 1024 60
[21:36:17][graphicssettings.cpp:688]: Usable res: 1280 1024 75
[21:36:17][graphicssettings.cpp:688]: Usable res: 1360 768 60
[21:36:17][graphicssettings.cpp:688]: Usable res: 1366 768 60
[21:36:17][graphicssettings.cpp:688]: Usable res: 1600 900 60
[21:36:17][graphicssettings.cpp:688]: Usable res: 1600 1024 59
[21:36:17][graphicssettings.cpp:688]: Usable res: 1680 1050 59
[21:36:17][graphicssettings.cpp:688]: Usable res: 1768 992 60
[21:36:17][graphicssettings.cpp:688]: Usable res: 1768 992 50
[21:36:17][graphicssettings.cpp:688]: Usable res: 1920 1080 60
[21:36:17][graphicssettings.cpp:688]: Usable res: 1920 1080 50
[21:36:17][graphicssettings.cpp:688]: Usable res: 1440 900 60
[21:36:41][gfx_dx9.cpp:4031]: Loading settings for adapter -1, fullscreen=0, multisample=15
[21:36:41][gfx_dx9.cpp:4053]: Graphic Adapters: 
[21:36:41][gfx_dx9.cpp:4061]: 	0: NVIDIA GeForce GTX 1060 6GB
[21:36:41][gfx_dx9.cpp:4080]: Using Adapter [0] to check for multi-sampling support:
[21:36:41][gfx_dx9.cpp:4098]: Using Adapter [0]:
[21:36:42][gfx_dx9.cpp:4104]: Succeeded to create a device [D3DCREATE_HARDWARE_VERTEXPROCESSING].
[21:36:42][gfx_dx9.cpp:4143]: Graphics device: NVIDIA GeForce GTX 1060 6GB
[21:36:42][gfx_dx9.cpp:4144]: Graphics driver: nvldumd.dll
[21:36:42][gfx_dx9.cpp:4145]: Driver version: 8813
[21:36:42][gfx_dx9.cpp:4160]: 


Dumping all gfx info:
DeviceIdentifier:	{D7B71E3E-5F43-11CF-BF55-8C121BC2DA35}
VendorId:	4318
DeviceId:	7171
SubSysId:	847320162
Revision:	161
DriverVersion.HighPart:	1507349
DriverVersion.LowPart:	860781


[21:36:42][gfx_dx9.cpp:4180]: Instancing supported.
[21:36:42][gfx_dx9.cpp:4229]: Video memory amount: 4095MB
[21:36:42][gfx_dx9.cpp:4230]: MaxSimultaneousTextures: 8
[21:36:42][gfx_dx9.cpp:4231]: MaxVertexBlendMatrices: 4
[21:36:42][gfx_dx9.cpp:4232]: MaxVertexBlendMatrixIndex: 8
[21:36:42][gfx_dx9.cpp:4233]: MaxSimultaneousTextures: 8
[21:36:42][gfx_dx9.cpp:4234]: MaxTextureBlendStages: 8
[21:36:42][gfx_dx9.cpp:4235]: MaxTextureWidth: 16384
[21:36:42][gfx_dx9.cpp:4236]: MaxTextureHeight: 16384
[21:36:42][gfx_dx9.cpp:4239]: Vertex Shader version: 3.0
[21:36:42][gfx_dx9.cpp:4244]: Pixel Shader version: 3.0
[21:36:42][graphicssettings.cpp:154]: 	2 samples supported.
[21:36:42][graphicssettings.cpp:154]: 	4 samples supported.
[21:36:42][graphicssettings.cpp:154]: 	8 samples supported.
[21:36:42][graphicssettings.cpp:185]: Support for Anisotropic filtering found.
[21:36:42][graphicssettings.cpp:188]: 	Max Anisotropic filtering supported: 16
[21:36:42][graphicssettings.cpp:189]: 	Anisotropic filtering set to: 16
[21:37:02][graphicssettings.cpp:720]: Using multisampling: 4
[21:37:02][graphics.cpp:819]: Creating device with: HARDWARE_VERTEXPROCESSING
	Fullscreen=no
	Resolution=1920x1080
[21:37:02][graphicssettings.cpp:688]: Usable res: 640 480 60
[21:37:02][graphicssettings.cpp:688]: Usable res: 640 480 72
[21:37:02][graphicssettings.cpp:688]: Usable res: 640 480 75
[21:37:02][graphicssettings.cpp:688]: Usable res: 720 480 60
[21:37:02][graphicssettings.cpp:688]: Usable res: 720 576 50
[21:37:02][graphicssettings.cpp:688]: Usable res: 800 600 56
[21:37:02][graphicssettings.cpp:688]: Usable res: 800 600 60
[21:37:02][graphicssettings.cpp:688]: Usable res: 800 600 72
[21:37:02][graphicssettings.cpp:688]: Usable res: 800 600 75
[21:37:02][graphicssettings.cpp:688]: Usable res: 1024 768 60
[21:37:02][graphicssettings.cpp:688]: Usable res: 1024 768 70
[21:37:02][graphicssettings.cpp:688]: Usable res: 1024 768 75
[21:37:02][graphicssettings.cpp:688]: Usable res: 1152 864 75
[21:37:02][graphicssettings.cpp:688]: Usable res: 1176 664 50
[21:37:02][graphicssettings.cpp:688]: Usable res: 1176 664 60
[21:37:02][graphicssettings.cpp:688]: Usable res: 1280 720 60
[21:37:02][graphicssettings.cpp:688]: Usable res: 1280 720 50
[21:37:02][graphicssettings.cpp:688]: Usable res: 1280 768 60
[21:37:02][graphicssettings.cpp:688]: Usable res: 1280 800 60
[21:37:02][graphicssettings.cpp:688]: Usable res: 1280 960 60
[21:37:02][graphicssettings.cpp:688]: Usable res: 1280 960 75
[21:37:02][graphicssettings.cpp:688]: Usable res: 1280 1024 60
[21:37:02][graphicssettings.cpp:688]: Usable res: 1280 1024 75
[21:37:02][graphicssettings.cpp:688]: Usable res: 1360 768 60
[21:37:02][graphicssettings.cpp:688]: Usable res: 1366 768 60
[21:37:02][graphicssettings.cpp:688]: Usable res: 1600 900 60
[21:37:02][graphicssettings.cpp:688]: Usable res: 1600 1024 59
[21:37:02][graphicssettings.cpp:688]: Usable res: 1680 1050 59
[21:37:02][graphicssettings.cpp:688]: Usable res: 1768 992 60
[21:37:02][graphicssettings.cpp:688]: Usable res: 1768 992 50
[21:37:02][graphicssettings.cpp:688]: Usable res: 1920 1080 60
[21:37:02][graphicssettings.cpp:688]: Usable res: 1920 1080 50
[21:37:02][graphicssettings.cpp:688]: Usable res: 1440 900 60
[21:37:02][graphics.cpp:854]: Done creating device.
[21:37:58][graphicssettings.cpp:720]: Using multisampling: 4
[21:37:58][graphicssettings.cpp:720]: Using multisampling: 4
[21:37:58][graphicssettings.cpp:720]: Using multisampling: 4
[21:37:58][graphicssettings.cpp:720]: Using multisampling: 4
[21:37:58][graphicssettings.cpp:720]: Using multisampling: 4
[21:37:58][graphicssettings.cpp:720]: Using multisampling: 4
[21:37:58][graphicssettings.cpp:720]: Using multisampling: 4
[21:37:58][graphicssettings.cpp:720]: Using multisampling: 4
[21:37:58][graphicssettings.cpp:720]: Using multisampling: 4
[21:37:58][graphicssettings.cpp:720]: Using multisampling: 4
[21:37:59][graphicssettings.cpp:720]: Using multisampling: 4
[21:37:59][graphicssettings.cpp:720]: Using multisampling: 4
[21:37:59][graphicssettings.cpp:720]: Using multisampling: 4
[21:37:59][graphicssettings.cpp:720]: Using multisampling: 4
[21:37:59][graphicssettings.cpp:720]: Using multisampling: 4
[21:37:59][graphicssettings.cpp:720]: Using multisampling: 4
[21:37:59][graphicssettings.cpp:720]: Using multisampling: 4
[21:37:59][graphicssettings.cpp:720]: Using multisampling: 4
[21:37:59][graphicssettings.cpp:720]: Using multisampling: 4
[21:37:59][graphicssettings.cpp:720]: Using multisampling: 4
[21:37:59][graphicssettings.cpp:720]: Using multisampling: 4
[21:37:59][graphicssettings.cpp:720]: Using multisampling: 4
[21:37:59][graphicssettings.cpp:720]: Using multisampling: 4
[21:37:59][graphicssettings.cpp:720]: Using multisampling: 4
[21:37:59][graphicssettings.cpp:720]: Using multisampling: 4
[21:37:59][graphicssettings.cpp:720]: Using multisampling: 4
[21:37:59][graphicssettings.cpp:720]: Using multisampling: 4
[21:37:59][graphicssettings.cpp:720]: Using multisampling: 4
[21:38:20][graphicssettings.cpp:720]: Using multisampling: 4
[21:38:20][graphicssettings.cpp:720]: Using multisampling: 4
[21:38:22][graphicssettings.cpp:720]: Using multisampling: 4
[22:09:50][graphicssettings.cpp:720]: Using multisampling: 4
[22:09:50][graphicssettings.cpp:720]: Using multisampling: 4
[22:09:50][graphicssettings.cpp:720]: Using multisampling: 4
[22:09:50][graphicssettings.cpp:720]: Using multisampling: 4
[22:09:50][graphicssettings.cpp:720]: Using multisampling: 4
[22:09:50][graphicssettings.cpp:720]: Using multisampling: 4
[22:09:50][graphicssettings.cpp:720]: Using multisampling: 4
[22:09:50][graphicssettings.cpp:720]: Using multisampling: 4
[22:09:50][graphicssettings.cpp:720]: Using multisampling: 4
[22:09:50][graphicssettings.cpp:720]: Using multisampling: 4
[22:09:50][graphicssettings.cpp:720]: Using multisampling: 4
[22:09:50][graphicssettings.cpp:720]: Using multisampling: 4
[22:09:50][graphicssettings.cpp:720]: Using multisampling: 4
[22:09:50][graphicssettings.cpp:720]: Using multisampling: 4
[22:09:50][graphicssettings.cpp:720]: Using multisampling: 4
[22:09:50][graphicssettings.cpp:720]: Using multisampling: 4
[22:09:50][graphicssettings.cpp:720]: Using multisampling: 4
[22:09:50][graphicssettings.cpp:720]: Using multisampling: 4
[22:09:50][graphicssettings.cpp:720]: Using multisampling: 4
[22:09:50][graphicssettings.cpp:720]: Using multisampling: 4
[22:09:50][graphicssettings.cpp:720]: Using multisampling: 4
[22:09:50][graphicssettings.cpp:720]: Using multisampling: 4
[22:09:50][graphicssettings.cpp:720]: Using multisampling: 4
[22:09:50][graphicssettings.cpp:720]: Using multisampling: 4
[22:09:50][graphicssettings.cpp:720]: Using multisampling: 4
[22:09:50][graphicssettings.cpp:720]: Using multisampling: 4
[22:09:50][graphicssettings.cpp:720]: Using multisampling: 4
[22:09:50][graphicssettings.cpp:720]: Using multisampling: 4
[22:10:42][graphicssettings.cpp:720]: Using multisampling: 4
[22:10:42][graphicssettings.cpp:720]: Using multisampling: 4
[22:10:43][graphicssettings.cpp:720]: Using multisampling: 4
