[18:30:07][gfx_dx9.cpp:4031]: Loading settings for adapter -1, fullscreen=0, multisample=15
[18:30:07][gfx_dx9.cpp:4053]: Graphic Adapters: 
[18:30:07][gfx_dx9.cpp:4061]: 	0: NVIDIA GeForce GTX 1060 6GB
[18:30:07][gfx_dx9.cpp:4080]: Using Adapter [0] to check for multi-sampling support:
[18:30:07][gfx_dx9.cpp:4098]: Using Adapter [0]:
[18:30:07][gfx_dx9.cpp:4104]: Succeeded to create a device [D3DCREATE_HARDWARE_VERTEXPROCESSING].
[18:30:07][gfx_dx9.cpp:4143]: Graphics device: NVIDIA GeForce GTX 1060 6GB
[18:30:07][gfx_dx9.cpp:4144]: Graphics driver: nvldumd.dll
[18:30:07][gfx_dx9.cpp:4145]: Driver version: 8813
[18:30:07][gfx_dx9.cpp:4160]: 


Dumping all gfx info:
DeviceIdentifier:	{D7B71E3E-5F43-11CF-BF55-8C121BC2DA35}
VendorId:	4318
DeviceId:	7171
SubSysId:	847320162
Revision:	161
DriverVersion.HighPart:	1507349
DriverVersion.LowPart:	860781


[18:30:07][gfx_dx9.cpp:4180]: Instancing supported.
[18:30:07][gfx_dx9.cpp:4229]: Video memory amount: 4095MB
[18:30:07][gfx_dx9.cpp:4230]: MaxSimultaneousTextures: 8
[18:30:07][gfx_dx9.cpp:4231]: MaxVertexBlendMatrices: 4
[18:30:07][gfx_dx9.cpp:4232]: MaxVertexBlendMatrixIndex: 8
[18:30:07][gfx_dx9.cpp:4233]: MaxSimultaneousTextures: 8
[18:30:07][gfx_dx9.cpp:4234]: MaxTextureBlendStages: 8
[18:30:07][gfx_dx9.cpp:4235]: MaxTextureWidth: 16384
[18:30:07][gfx_dx9.cpp:4236]: MaxTextureHeight: 16384
[18:30:07][gfx_dx9.cpp:4239]: Vertex Shader version: 3.0
[18:30:07][gfx_dx9.cpp:4244]: Pixel Shader version: 3.0
[18:30:07][graphicssettings.cpp:154]: 	2 samples supported.
[18:30:07][graphicssettings.cpp:154]: 	4 samples supported.
[18:30:07][graphicssettings.cpp:154]: 	8 samples supported.
[18:30:07][graphicssettings.cpp:185]: Support for Anisotropic filtering found.
[18:30:07][graphicssettings.cpp:188]: 	Max Anisotropic filtering supported: 16
[18:30:07][graphicssettings.cpp:189]: 	Anisotropic filtering set to: 16
[18:30:08][pdx_audio_sdl.cpp:108]: [0] Audio device: 扬声器 (Realtek High Definition Audio)
[18:30:08][pdx_audio_sdl.cpp:108]: [1] Audio device: Realtek Digital Output (Realtek High Definition Audio)
[18:30:08][pdx_audio_sdl.cpp:114]: [0] Audio driver: directsound
[18:30:08][pdx_audio_sdl.cpp:114]: [1] Audio driver: winmm
[18:30:08][pdx_audio_sdl.cpp:114]: [2] Audio driver: disk
[18:30:08][pdx_audio_sdl.cpp:114]: [3] Audio driver: dummy
[18:30:08][pdx_audio_sdl.cpp:139]: Current audio driver: directsound
[18:30:08][pdx_audio_sdl.cpp:146]: 
	Frequency: 44100
	Format: 32784
	Channels: 2
	Samples: 1024
[18:30:08][gfx_dx9.cpp:4031]: Loading settings for adapter -1, fullscreen=0, multisample=15
[18:30:08][gfx_dx9.cpp:4053]: Graphic Adapters: 
[18:30:08][gfx_dx9.cpp:4061]: 	0: NVIDIA GeForce GTX 1060 6GB
[18:30:08][gfx_dx9.cpp:4080]: Using Adapter [0] to check for multi-sampling support:
[18:30:08][gfx_dx9.cpp:4098]: Using Adapter [0]:
[18:30:08][gfx_dx9.cpp:4104]: Succeeded to create a device [D3DCREATE_HARDWARE_VERTEXPROCESSING].
[18:30:08][gfx_dx9.cpp:4143]: Graphics device: NVIDIA GeForce GTX 1060 6GB
[18:30:08][gfx_dx9.cpp:4144]: Graphics driver: nvldumd.dll
[18:30:08][gfx_dx9.cpp:4145]: Driver version: 8813
[18:30:08][gfx_dx9.cpp:4160]: 


Dumping all gfx info:
DeviceIdentifier:	{D7B71E3E-5F43-11CF-BF55-8C121BC2DA35}
VendorId:	4318
DeviceId:	7171
SubSysId:	847320162
Revision:	161
DriverVersion.HighPart:	1507349
DriverVersion.LowPart:	860781


[18:30:08][gfx_dx9.cpp:4180]: Instancing supported.
[18:30:08][gfx_dx9.cpp:4229]: Video memory amount: 4095MB
[18:30:08][gfx_dx9.cpp:4230]: MaxSimultaneousTextures: 8
[18:30:08][gfx_dx9.cpp:4231]: MaxVertexBlendMatrices: 4
[18:30:08][gfx_dx9.cpp:4232]: MaxVertexBlendMatrixIndex: 8
[18:30:08][gfx_dx9.cpp:4233]: MaxSimultaneousTextures: 8
[18:30:08][gfx_dx9.cpp:4234]: MaxTextureBlendStages: 8
[18:30:08][gfx_dx9.cpp:4235]: MaxTextureWidth: 16384
[18:30:08][gfx_dx9.cpp:4236]: MaxTextureHeight: 16384
[18:30:08][gfx_dx9.cpp:4239]: Vertex Shader version: 3.0
[18:30:08][gfx_dx9.cpp:4244]: Pixel Shader version: 3.0
[18:30:08][graphicssettings.cpp:154]: 	2 samples supported.
[18:30:08][graphicssettings.cpp:154]: 	4 samples supported.
[18:30:08][graphicssettings.cpp:154]: 	8 samples supported.
[18:30:08][graphicssettings.cpp:185]: Support for Anisotropic filtering found.
[18:30:08][graphicssettings.cpp:188]: 	Max Anisotropic filtering supported: 16
[18:30:08][graphicssettings.cpp:189]: 	Anisotropic filtering set to: 16
[18:30:08][graphicssettings.cpp:730]: Not using multisampling.
[18:30:08][graphics.cpp:819]: Creating device with: HARDWARE_VERTEXPROCESSING
	Fullscreen=no
	Resolution=1080x600
[18:30:09][graphicssettings.cpp:688]: Usable res: 640 480 60
[18:30:09][graphicssettings.cpp:688]: Usable res: 640 480 72
[18:30:09][graphicssettings.cpp:688]: Usable res: 640 480 75
[18:30:09][graphicssettings.cpp:688]: Usable res: 720 480 60
[18:30:09][graphicssettings.cpp:688]: Usable res: 720 576 50
[18:30:09][graphicssettings.cpp:688]: Usable res: 800 600 56
[18:30:09][graphicssettings.cpp:688]: Usable res: 800 600 60
[18:30:09][graphicssettings.cpp:688]: Usable res: 800 600 72
[18:30:09][graphicssettings.cpp:688]: Usable res: 800 600 75
[18:30:09][graphicssettings.cpp:688]: Usable res: 1024 768 60
[18:30:09][graphicssettings.cpp:688]: Usable res: 1024 768 70
[18:30:09][graphicssettings.cpp:688]: Usable res: 1024 768 75
[18:30:09][graphicssettings.cpp:688]: Usable res: 1152 864 75
[18:30:09][graphicssettings.cpp:688]: Usable res: 1176 664 50
[18:30:09][graphicssettings.cpp:688]: Usable res: 1176 664 60
[18:30:09][graphicssettings.cpp:688]: Usable res: 1280 720 60
[18:30:09][graphicssettings.cpp:688]: Usable res: 1280 720 50
[18:30:09][graphicssettings.cpp:688]: Usable res: 1280 768 60
[18:30:09][graphicssettings.cpp:688]: Usable res: 1280 800 60
[18:30:09][graphicssettings.cpp:688]: Usable res: 1280 960 60
[18:30:09][graphicssettings.cpp:688]: Usable res: 1280 960 75
[18:30:09][graphicssettings.cpp:688]: Usable res: 1280 1024 60
[18:30:09][graphicssettings.cpp:688]: Usable res: 1280 1024 75
[18:30:09][graphicssettings.cpp:688]: Usable res: 1360 768 60
[18:30:09][graphicssettings.cpp:688]: Usable res: 1366 768 60
[18:30:09][graphicssettings.cpp:688]: Usable res: 1600 900 60
[18:30:09][graphicssettings.cpp:688]: Usable res: 1600 1024 59
[18:30:09][graphicssettings.cpp:688]: Usable res: 1680 1050 59
[18:30:09][graphicssettings.cpp:688]: Usable res: 1768 992 60
[18:30:09][graphicssettings.cpp:688]: Usable res: 1768 992 50
[18:30:09][graphicssettings.cpp:688]: Usable res: 1920 1080 60
[18:30:09][graphicssettings.cpp:688]: Usable res: 1920 1080 50
[18:30:09][graphicssettings.cpp:688]: Usable res: 1440 900 60
[18:30:09][graphics.cpp:854]: Done creating device.
[18:30:10][graphicssettings.cpp:688]: Usable res: 640 480 60
[18:30:10][graphicssettings.cpp:688]: Usable res: 640 480 72
[18:30:10][graphicssettings.cpp:688]: Usable res: 640 480 75
[18:30:10][graphicssettings.cpp:688]: Usable res: 720 480 60
[18:30:10][graphicssettings.cpp:688]: Usable res: 720 576 50
[18:30:10][graphicssettings.cpp:688]: Usable res: 800 600 56
[18:30:10][graphicssettings.cpp:688]: Usable res: 800 600 60
[18:30:10][graphicssettings.cpp:688]: Usable res: 800 600 72
[18:30:10][graphicssettings.cpp:688]: Usable res: 800 600 75
[18:30:10][graphicssettings.cpp:688]: Usable res: 1024 768 60
[18:30:10][graphicssettings.cpp:688]: Usable res: 1024 768 70
[18:30:10][graphicssettings.cpp:688]: Usable res: 1024 768 75
[18:30:10][graphicssettings.cpp:688]: Usable res: 1152 864 75
[18:30:10][graphicssettings.cpp:688]: Usable res: 1176 664 50
[18:30:10][graphicssettings.cpp:688]: Usable res: 1176 664 60
[18:30:10][graphicssettings.cpp:688]: Usable res: 1280 720 60
[18:30:10][graphicssettings.cpp:688]: Usable res: 1280 720 50
[18:30:10][graphicssettings.cpp:688]: Usable res: 1280 768 60
[18:30:10][graphicssettings.cpp:688]: Usable res: 1280 800 60
[18:30:10][graphicssettings.cpp:688]: Usable res: 1280 960 60
[18:30:10][graphicssettings.cpp:688]: Usable res: 1280 960 75
[18:30:10][graphicssettings.cpp:688]: Usable res: 1280 1024 60
[18:30:10][graphicssettings.cpp:688]: Usable res: 1280 1024 75
[18:30:10][graphicssettings.cpp:688]: Usable res: 1360 768 60
[18:30:10][graphicssettings.cpp:688]: Usable res: 1366 768 60
[18:30:10][graphicssettings.cpp:688]: Usable res: 1600 900 60
[18:30:10][graphicssettings.cpp:688]: Usable res: 1600 1024 59
[18:30:10][graphicssettings.cpp:688]: Usable res: 1680 1050 59
[18:30:10][graphicssettings.cpp:688]: Usable res: 1768 992 60
[18:30:10][graphicssettings.cpp:688]: Usable res: 1768 992 50
[18:30:10][graphicssettings.cpp:688]: Usable res: 1920 1080 60
[18:30:10][graphicssettings.cpp:688]: Usable res: 1920 1080 50
[18:30:10][graphicssettings.cpp:688]: Usable res: 1440 900 60
[18:31:40][gfx_dx9.cpp:4031]: Loading settings for adapter -1, fullscreen=0, multisample=15
[18:31:40][gfx_dx9.cpp:4053]: Graphic Adapters: 
[18:31:40][gfx_dx9.cpp:4061]: 	0: NVIDIA GeForce GTX 1060 6GB
[18:31:40][gfx_dx9.cpp:4080]: Using Adapter [0] to check for multi-sampling support:
[18:31:40][gfx_dx9.cpp:4098]: Using Adapter [0]:
[18:31:40][gfx_dx9.cpp:4104]: Succeeded to create a device [D3DCREATE_HARDWARE_VERTEXPROCESSING].
[18:31:40][gfx_dx9.cpp:4143]: Graphics device: NVIDIA GeForce GTX 1060 6GB
[18:31:40][gfx_dx9.cpp:4144]: Graphics driver: nvldumd.dll
[18:31:40][gfx_dx9.cpp:4145]: Driver version: 8813
[18:31:40][gfx_dx9.cpp:4160]: 


Dumping all gfx info:
DeviceIdentifier:	{D7B71E3E-5F43-11CF-BF55-8C121BC2DA35}
VendorId:	4318
DeviceId:	7171
SubSysId:	847320162
Revision:	161
DriverVersion.HighPart:	1507349
DriverVersion.LowPart:	860781


[18:31:40][gfx_dx9.cpp:4180]: Instancing supported.
[18:31:40][gfx_dx9.cpp:4229]: Video memory amount: 4095MB
[18:31:40][gfx_dx9.cpp:4230]: MaxSimultaneousTextures: 8
[18:31:40][gfx_dx9.cpp:4231]: MaxVertexBlendMatrices: 4
[18:31:40][gfx_dx9.cpp:4232]: MaxVertexBlendMatrixIndex: 8
[18:31:40][gfx_dx9.cpp:4233]: MaxSimultaneousTextures: 8
[18:31:40][gfx_dx9.cpp:4234]: MaxTextureBlendStages: 8
[18:31:40][gfx_dx9.cpp:4235]: MaxTextureWidth: 16384
[18:31:40][gfx_dx9.cpp:4236]: MaxTextureHeight: 16384
[18:31:40][gfx_dx9.cpp:4239]: Vertex Shader version: 3.0
[18:31:40][gfx_dx9.cpp:4244]: Pixel Shader version: 3.0
[18:31:40][graphicssettings.cpp:154]: 	2 samples supported.
[18:31:40][graphicssettings.cpp:154]: 	4 samples supported.
[18:31:40][graphicssettings.cpp:154]: 	8 samples supported.
[18:31:40][graphicssettings.cpp:185]: Support for Anisotropic filtering found.
[18:31:40][graphicssettings.cpp:188]: 	Max Anisotropic filtering supported: 16
[18:31:40][graphicssettings.cpp:189]: 	Anisotropic filtering set to: 16
[18:31:58][graphicssettings.cpp:720]: Using multisampling: 4
[18:31:58][graphics.cpp:819]: Creating device with: HARDWARE_VERTEXPROCESSING
	Fullscreen=no
	Resolution=1920x1080
[18:31:58][graphicssettings.cpp:688]: Usable res: 640 480 60
[18:31:58][graphicssettings.cpp:688]: Usable res: 640 480 72
[18:31:58][graphicssettings.cpp:688]: Usable res: 640 480 75
[18:31:58][graphicssettings.cpp:688]: Usable res: 720 480 60
[18:31:58][graphicssettings.cpp:688]: Usable res: 720 576 50
[18:31:58][graphicssettings.cpp:688]: Usable res: 800 600 56
[18:31:58][graphicssettings.cpp:688]: Usable res: 800 600 60
[18:31:58][graphicssettings.cpp:688]: Usable res: 800 600 72
[18:31:58][graphicssettings.cpp:688]: Usable res: 800 600 75
[18:31:58][graphicssettings.cpp:688]: Usable res: 1024 768 60
[18:31:58][graphicssettings.cpp:688]: Usable res: 1024 768 70
[18:31:58][graphicssettings.cpp:688]: Usable res: 1024 768 75
[18:31:58][graphicssettings.cpp:688]: Usable res: 1152 864 75
[18:31:58][graphicssettings.cpp:688]: Usable res: 1176 664 50
[18:31:58][graphicssettings.cpp:688]: Usable res: 1176 664 60
[18:31:58][graphicssettings.cpp:688]: Usable res: 1280 720 60
[18:31:58][graphicssettings.cpp:688]: Usable res: 1280 720 50
[18:31:58][graphicssettings.cpp:688]: Usable res: 1280 768 60
[18:31:58][graphicssettings.cpp:688]: Usable res: 1280 800 60
[18:31:58][graphicssettings.cpp:688]: Usable res: 1280 960 60
[18:31:58][graphicssettings.cpp:688]: Usable res: 1280 960 75
[18:31:58][graphicssettings.cpp:688]: Usable res: 1280 1024 60
[18:31:58][graphicssettings.cpp:688]: Usable res: 1280 1024 75
[18:31:58][graphicssettings.cpp:688]: Usable res: 1360 768 60
[18:31:58][graphicssettings.cpp:688]: Usable res: 1366 768 60
[18:31:58][graphicssettings.cpp:688]: Usable res: 1600 900 60
[18:31:58][graphicssettings.cpp:688]: Usable res: 1600 1024 59
[18:31:58][graphicssettings.cpp:688]: Usable res: 1680 1050 59
[18:31:58][graphicssettings.cpp:688]: Usable res: 1768 992 60
[18:31:58][graphicssettings.cpp:688]: Usable res: 1768 992 50
[18:31:58][graphicssettings.cpp:688]: Usable res: 1920 1080 60
[18:31:58][graphicssettings.cpp:688]: Usable res: 1920 1080 50
[18:31:58][graphicssettings.cpp:688]: Usable res: 1440 900 60
[18:31:58][graphics.cpp:854]: Done creating device.
[18:32:39][graphicssettings.cpp:720]: Using multisampling: 4
[18:32:39][graphicssettings.cpp:720]: Using multisampling: 4
[18:32:39][graphicssettings.cpp:720]: Using multisampling: 4
[18:32:39][graphicssettings.cpp:720]: Using multisampling: 4
[18:32:39][graphicssettings.cpp:720]: Using multisampling: 4
[18:32:39][graphicssettings.cpp:720]: Using multisampling: 4
[18:32:39][graphicssettings.cpp:720]: Using multisampling: 4
[18:32:39][graphicssettings.cpp:720]: Using multisampling: 4
[18:32:39][graphicssettings.cpp:720]: Using multisampling: 4
[18:32:39][graphicssettings.cpp:720]: Using multisampling: 4
[18:32:40][graphicssettings.cpp:720]: Using multisampling: 4
[18:32:40][graphicssettings.cpp:720]: Using multisampling: 4
[18:32:40][graphicssettings.cpp:720]: Using multisampling: 4
[18:32:40][graphicssettings.cpp:720]: Using multisampling: 4
[18:32:40][graphicssettings.cpp:720]: Using multisampling: 4
[18:32:40][graphicssettings.cpp:720]: Using multisampling: 4
[18:32:40][graphicssettings.cpp:720]: Using multisampling: 4
[18:32:40][graphicssettings.cpp:720]: Using multisampling: 4
[18:32:40][graphicssettings.cpp:720]: Using multisampling: 4
[18:32:40][graphicssettings.cpp:720]: Using multisampling: 4
[18:32:40][graphicssettings.cpp:720]: Using multisampling: 4
[18:32:40][graphicssettings.cpp:720]: Using multisampling: 4
[18:32:40][graphicssettings.cpp:720]: Using multisampling: 4
[18:32:40][graphicssettings.cpp:720]: Using multisampling: 4
[18:32:40][graphicssettings.cpp:720]: Using multisampling: 4
[18:32:40][graphicssettings.cpp:720]: Using multisampling: 4
[18:32:40][graphicssettings.cpp:720]: Using multisampling: 4
[18:32:40][graphicssettings.cpp:720]: Using multisampling: 4
[18:36:32][graphicssettings.cpp:720]: Using multisampling: 4
[18:36:32][graphicssettings.cpp:720]: Using multisampling: 4
[18:36:37][graphicssettings.cpp:720]: Using multisampling: 4
[18:36:46][graphicssettings.cpp:720]: Using multisampling: 4
[18:36:46][graphicssettings.cpp:720]: Using multisampling: 4
[18:36:46][graphicssettings.cpp:720]: Using multisampling: 4
[18:36:46][graphicssettings.cpp:720]: Using multisampling: 4
[18:43:01][graphicssettings.cpp:720]: Using multisampling: 4
[18:43:01][graphicssettings.cpp:720]: Using multisampling: 4
[18:43:06][graphicssettings.cpp:720]: Using multisampling: 4
[18:45:44][graphicssettings.cpp:720]: Using multisampling: 4
[18:45:44][graphicssettings.cpp:720]: Using multisampling: 4
[18:45:44][graphicssettings.cpp:720]: Using multisampling: 4
[18:45:44][graphicssettings.cpp:720]: Using multisampling: 4
[19:12:23][graphicssettings.cpp:720]: Using multisampling: 4
[19:12:23][graphicssettings.cpp:720]: Using multisampling: 4
[19:12:23][graphicssettings.cpp:720]: Using multisampling: 4
[19:12:23][graphicssettings.cpp:720]: Using multisampling: 4
[19:12:23][graphicssettings.cpp:720]: Using multisampling: 4
[19:12:23][graphicssettings.cpp:720]: Using multisampling: 4
[19:12:23][graphicssettings.cpp:720]: Using multisampling: 4
[19:12:37][graphicssettings.cpp:720]: Using multisampling: 4
[19:12:37][graphicssettings.cpp:720]: Using multisampling: 4
[19:12:37][graphicssettings.cpp:720]: Using multisampling: 4
[19:12:37][graphicssettings.cpp:720]: Using multisampling: 4
[19:12:37][graphicssettings.cpp:720]: Using multisampling: 4
[19:12:37][graphicssettings.cpp:720]: Using multisampling: 4
[19:12:48][graphicssettings.cpp:720]: Using multisampling: 4
[19:12:48][graphicssettings.cpp:720]: Using multisampling: 4
[19:12:48][graphicssettings.cpp:720]: Using multisampling: 4
[19:12:48][graphicssettings.cpp:720]: Using multisampling: 4
[19:12:48][graphicssettings.cpp:720]: Using multisampling: 4
[19:12:48][graphicssettings.cpp:720]: Using multisampling: 4
[20:07:12][graphicssettings.cpp:720]: Using multisampling: 4
[20:07:12][graphicssettings.cpp:720]: Using multisampling: 4
[20:07:12][graphicssettings.cpp:720]: Using multisampling: 4
[20:07:12][graphicssettings.cpp:720]: Using multisampling: 4
[20:07:12][graphicssettings.cpp:720]: Using multisampling: 4
[20:07:12][graphicssettings.cpp:720]: Using multisampling: 4
[20:07:12][graphicssettings.cpp:720]: Using multisampling: 4
[20:07:21][graphicssettings.cpp:720]: Using multisampling: 4
[20:07:21][graphicssettings.cpp:720]: Using multisampling: 4
[20:07:21][graphicssettings.cpp:720]: Using multisampling: 4
[20:07:21][graphicssettings.cpp:720]: Using multisampling: 4
[20:07:21][graphicssettings.cpp:720]: Using multisampling: 4
[20:07:21][graphicssettings.cpp:720]: Using multisampling: 4
[20:49:05][graphicssettings.cpp:720]: Using multisampling: 4
[20:49:05][graphicssettings.cpp:720]: Using multisampling: 4
[20:49:05][graphicssettings.cpp:720]: Using multisampling: 4
[20:49:05][graphicssettings.cpp:720]: Using multisampling: 4
[20:49:05][graphicssettings.cpp:720]: Using multisampling: 4
[20:49:05][graphicssettings.cpp:720]: Using multisampling: 4
[20:49:05][graphicssettings.cpp:720]: Using multisampling: 4
[20:49:05][graphicssettings.cpp:720]: Using multisampling: 4
[20:49:07][graphicssettings.cpp:720]: Using multisampling: 4
[20:49:07][graphicssettings.cpp:720]: Using multisampling: 4
[20:49:07][graphicssettings.cpp:720]: Using multisampling: 4
[20:49:21][graphicssettings.cpp:720]: Using multisampling: 4
[20:49:21][graphicssettings.cpp:720]: Using multisampling: 4
[20:49:21][graphicssettings.cpp:720]: Using multisampling: 4
[20:49:23][graphicssettings.cpp:720]: Using multisampling: 4
[20:49:23][graphicssettings.cpp:720]: Using multisampling: 4
[20:49:23][graphicssettings.cpp:720]: Using multisampling: 4
[20:49:26][graphicssettings.cpp:720]: Using multisampling: 4
[20:49:26][graphicssettings.cpp:720]: Using multisampling: 4
[20:49:26][graphicssettings.cpp:720]: Using multisampling: 4
[20:49:26][graphicssettings.cpp:720]: Using multisampling: 4
[20:49:26][graphicssettings.cpp:720]: Using multisampling: 4
[20:49:26][graphicssettings.cpp:720]: Using multisampling: 4
[20:49:26][graphicssettings.cpp:720]: Using multisampling: 4
[20:49:26][graphicssettings.cpp:720]: Using multisampling: 4
[20:49:26][graphicssettings.cpp:720]: Using multisampling: 4
[20:49:26][graphicssettings.cpp:720]: Using multisampling: 4
[20:49:26][graphicssettings.cpp:720]: Using multisampling: 4
[20:49:26][graphicssettings.cpp:720]: Using multisampling: 4
[20:52:59][graphicssettings.cpp:720]: Using multisampling: 4
[20:54:24][graphicssettings.cpp:720]: Using multisampling: 4
[20:54:24][graphicssettings.cpp:720]: Using multisampling: 4
[20:54:24][graphicssettings.cpp:720]: Using multisampling: 4
[20:54:24][graphicssettings.cpp:720]: Using multisampling: 4
[20:54:24][graphicssettings.cpp:720]: Using multisampling: 4
[20:54:24][graphicssettings.cpp:720]: Using multisampling: 4
[20:54:24][graphicssettings.cpp:720]: Using multisampling: 4
[20:54:30][graphicssettings.cpp:720]: Using multisampling: 4
[20:54:30][graphicssettings.cpp:720]: Using multisampling: 4
[20:54:30][graphicssettings.cpp:720]: Using multisampling: 4
[20:54:30][graphicssettings.cpp:720]: Using multisampling: 4
[20:54:30][graphicssettings.cpp:720]: Using multisampling: 4
[20:54:30][graphicssettings.cpp:720]: Using multisampling: 4
[20:55:01][graphicssettings.cpp:720]: Using multisampling: 4
[20:55:01][graphicssettings.cpp:720]: Using multisampling: 4
[20:55:01][graphicssettings.cpp:720]: Using multisampling: 4
[20:55:01][graphicssettings.cpp:720]: Using multisampling: 4
[20:55:01][graphicssettings.cpp:720]: Using multisampling: 4
[20:55:46][graphicssettings.cpp:720]: Using multisampling: 4
[20:55:46][graphicssettings.cpp:720]: Using multisampling: 4
[20:55:46][graphicssettings.cpp:720]: Using multisampling: 4
[21:04:25][graphicssettings.cpp:720]: Using multisampling: 4
[21:11:14][graphicssettings.cpp:720]: Using multisampling: 4
[21:11:14][graphicssettings.cpp:720]: Using multisampling: 4
[21:11:14][graphicssettings.cpp:720]: Using multisampling: 4
[21:11:14][graphicssettings.cpp:720]: Using multisampling: 4
[21:11:14][graphicssettings.cpp:720]: Using multisampling: 4
[21:11:33][graphicssettings.cpp:720]: Using multisampling: 4
[21:11:33][graphicssettings.cpp:720]: Using multisampling: 4
[21:11:33][graphicssettings.cpp:720]: Using multisampling: 4
[21:11:33][graphicssettings.cpp:720]: Using multisampling: 4
[21:11:33][graphicssettings.cpp:720]: Using multisampling: 4
[21:12:06][graphicssettings.cpp:720]: Using multisampling: 4
[21:12:06][graphicssettings.cpp:720]: Using multisampling: 4
[21:12:06][graphicssettings.cpp:720]: Using multisampling: 4
[21:12:06][graphicssettings.cpp:720]: Using multisampling: 4
[21:12:06][graphicssettings.cpp:720]: Using multisampling: 4
[21:33:59][graphicssettings.cpp:720]: Using multisampling: 4
[21:33:59][graphicssettings.cpp:720]: Using multisampling: 4
[21:33:59][graphicssettings.cpp:720]: Using multisampling: 4
[21:33:59][graphicssettings.cpp:720]: Using multisampling: 4
[21:33:59][graphicssettings.cpp:720]: Using multisampling: 4
[21:34:44][graphicssettings.cpp:720]: Using multisampling: 4
[21:34:44][graphicssettings.cpp:720]: Using multisampling: 4
[21:34:44][graphicssettings.cpp:720]: Using multisampling: 4
[21:34:44][graphicssettings.cpp:720]: Using multisampling: 4
[21:34:44][graphicssettings.cpp:720]: Using multisampling: 4
[21:35:18][graphicssettings.cpp:720]: Using multisampling: 4
[21:35:18][graphicssettings.cpp:720]: Using multisampling: 4
[21:35:18][graphicssettings.cpp:720]: Using multisampling: 4
[21:35:18][graphicssettings.cpp:720]: Using multisampling: 4
[21:35:18][graphicssettings.cpp:720]: Using multisampling: 4
[22:21:44][graphicssettings.cpp:720]: Using multisampling: 4
[22:21:44][graphicssettings.cpp:720]: Using multisampling: 4
[22:21:44][graphicssettings.cpp:720]: Using multisampling: 4
[22:21:44][graphicssettings.cpp:720]: Using multisampling: 4
[22:21:44][graphicssettings.cpp:720]: Using multisampling: 4
