[21:13:14][lexer.cpp:277]: File 'mod/ugc_1129869415.mod' should be in utf8-bom encoding (will try to use it anyways)
[21:13:14][lexer.cpp:277]: File 'mod/ugc_1230096820.mod' should be in utf8-bom encoding (will try to use it anyways)
[21:13:14][lexer.cpp:277]: File 'mod/ugc_1313533917.mod' should be in utf8-bom encoding (will try to use it anyways)
[21:13:14][lexer.cpp:277]: File 'mod/ugc_734129025.mod' should be in utf8-bom encoding (will try to use it anyways)
[21:13:14][lexer.cpp:277]: File 'mod/ugc_832446933.mod' should be in utf8-bom encoding (will try to use it anyways)
[21:13:22][localization_reader.cpp:223]: Expected quotation mark (") at end of line 275 in localisation/english/horizonsignal_l_english.yml
[21:13:23][localization_reader.cpp:254]: Illegal break character (utf32=20234) at line 24 and column 136 in localisation/english/prescripted_l_english.yml
[21:13:23][localization_reader.cpp:151]: Expected colon(:) at line 12 and column 2 in localisation/english/synthetic_dawn_events_l_english.yml
[21:13:23][localization_reader.cpp:254]: Illegal break character (utf32=20687) at line 328 and column 63 in localisation/english/tutorial_l_english.yml
[21:13:23][localization_reader.cpp:199]: Expected quotation mark (") at line 383 and column 27 in localisation/english/tutorial_l_english.yml
[21:13:56][guigraphics.cpp:909]: No font with name null_font
[21:13:56][guigraphics.cpp:909]: No font with name null_font
[21:13:56][guigraphics.cpp:909]: No font with name null_font
[21:13:56][guigraphics.cpp:909]: No font with name null_font
[21:14:17][lexer.cpp:277]: File 'common/name_lists/AI.txt' should be in utf8-bom encoding (will try to use it anyways)
[21:14:17][namelist.cpp:575]: Error: Failed Reading Ship Names!
	Reason: Invalid Ship Size:wormhole_station
	common/name_lists/AI.txt(52)
[21:14:17][namelist.cpp:575]: Error: Failed Reading Ship Names!
	Reason: Invalid Ship Size:outpost_station
	common/name_lists/AI.txt(55)
[21:14:17][lexer.cpp:277]: File 'common/name_lists/ART1.txt' should be in utf8-bom encoding (will try to use it anyways)
[21:14:17][namelist.cpp:575]: Error: Failed Reading Ship Names!
	Reason: Invalid Ship Size:orbital_station
	common/name_lists/ART1.txt(38)
[21:14:17][namelist.cpp:575]: Error: Failed Reading Ship Names!
	Reason: Invalid Ship Size:wormhole_station
	common/name_lists/ART1.txt(41)
[21:14:17][namelist.cpp:575]: Error: Failed Reading Ship Names!
	Reason: Invalid Ship Size:outpost_station
	common/name_lists/ART1.txt(44)
[21:14:17][lexer.cpp:277]: File 'common/name_lists/ART2.txt' should be in utf8-bom encoding (will try to use it anyways)
[21:14:17][namelist.cpp:575]: Error: Failed Reading Ship Names!
	Reason: Invalid Ship Size:orbital_station
	common/name_lists/ART2.txt(40)
[21:14:17][namelist.cpp:575]: Error: Failed Reading Ship Names!
	Reason: Invalid Ship Size:wormhole_station
	common/name_lists/ART2.txt(43)
[21:14:17][namelist.cpp:575]: Error: Failed Reading Ship Names!
	Reason: Invalid Ship Size:outpost_station
	common/name_lists/ART2.txt(46)
[21:14:17][lexer.cpp:277]: File 'common/name_lists/ART3.txt' should be in utf8-bom encoding (will try to use it anyways)
[21:14:17][namelist.cpp:575]: Error: Failed Reading Ship Names!
	Reason: Invalid Ship Size:orbital_station
	common/name_lists/ART3.txt(40)
[21:14:17][namelist.cpp:575]: Error: Failed Reading Ship Names!
	Reason: Invalid Ship Size:wormhole_station
	common/name_lists/ART3.txt(43)
[21:14:17][namelist.cpp:575]: Error: Failed Reading Ship Names!
	Reason: Invalid Ship Size:outpost_station
	common/name_lists/ART3.txt(46)
[21:14:17][lexer.cpp:277]: File 'common/name_lists/AVI1.txt' should be in utf8-bom encoding (will try to use it anyways)
[21:14:17][namelist.cpp:575]: Error: Failed Reading Ship Names!
	Reason: Invalid Ship Size:orbital_station
	common/name_lists/AVI1.txt(39)
[21:14:17][namelist.cpp:575]: Error: Failed Reading Ship Names!
	Reason: Invalid Ship Size:wormhole_station
	common/name_lists/AVI1.txt(42)
[21:14:17][namelist.cpp:575]: Error: Failed Reading Ship Names!
	Reason: Invalid Ship Size:outpost_station
	common/name_lists/AVI1.txt(45)
[21:14:17][lexer.cpp:277]: File 'common/name_lists/AVI2.txt' should be in utf8-bom encoding (will try to use it anyways)
[21:14:17][namelist.cpp:575]: Error: Failed Reading Ship Names!
	Reason: Invalid Ship Size:orbital_station
	common/name_lists/AVI2.txt(42)
[21:14:17][namelist.cpp:575]: Error: Failed Reading Ship Names!
	Reason: Invalid Ship Size:wormhole_station
	common/name_lists/AVI2.txt(45)
[21:14:17][namelist.cpp:575]: Error: Failed Reading Ship Names!
	Reason: Invalid Ship Size:outpost_station
	common/name_lists/AVI2.txt(48)
[21:14:17][lexer.cpp:277]: File 'common/name_lists/AVI3.txt' should be in utf8-bom encoding (will try to use it anyways)
[21:14:17][namelist.cpp:575]: Error: Failed Reading Ship Names!
	Reason: Invalid Ship Size:orbital_station
	common/name_lists/AVI3.txt(41)
[21:14:17][namelist.cpp:575]: Error: Failed Reading Ship Names!
	Reason: Invalid Ship Size:wormhole_station
	common/name_lists/AVI3.txt(44)
[21:14:17][namelist.cpp:575]: Error: Failed Reading Ship Names!
	Reason: Invalid Ship Size:outpost_station
	common/name_lists/AVI3.txt(47)
[21:14:17][namelist.cpp:575]: Error: Failed Reading Ship Names!
	Reason: Invalid Ship Size:orbital_station
	common/name_lists/CHN.txt(98)
[21:14:17][namelist.cpp:575]: Error: Failed Reading Ship Names!
	Reason: Invalid Ship Size:wormhole_station
	common/name_lists/CHN.txt(101)
[21:14:17][namelist.cpp:575]: Error: Failed Reading Ship Names!
	Reason: Invalid Ship Size:terraform_station
	common/name_lists/CHN.txt(102)
[21:14:17][namelist.cpp:575]: Error: Failed Reading Ship Names!
	Reason: Invalid Ship Size:outpost_station
	common/name_lists/CHN.txt(104)
[21:14:17][namelist.cpp:575]: Error: Failed Reading Ship Names!
	Reason: Invalid Ship Size:orbital_station
	common/name_lists/CHNX.txt(59)
[21:14:17][namelist.cpp:575]: Error: Failed Reading Ship Names!
	Reason: Invalid Ship Size:wormhole_station
	common/name_lists/CHNX.txt(62)
[21:14:17][namelist.cpp:575]: Error: Failed Reading Ship Names!
	Reason: Invalid Ship Size:terraform_station
	common/name_lists/CHNX.txt(63)
[21:14:17][namelist.cpp:575]: Error: Failed Reading Ship Names!
	Reason: Invalid Ship Size:outpost_station
	common/name_lists/CHNX.txt(65)
[21:14:17][lexer.cpp:277]: File 'common/name_lists/Extradimensional.txt' should be in utf8-bom encoding (will try to use it anyways)
[21:14:17][namelist.cpp:575]: Error: Failed Reading Ship Names!
	Reason: Invalid Ship Size:wormhole_station
	common/name_lists/Extradimensional.txt(20)
[21:14:17][namelist.cpp:575]: Error: Failed Reading Ship Names!
	Reason: Invalid Ship Size:outpost_station
	common/name_lists/Extradimensional.txt(23)
[21:14:17][lexer.cpp:277]: File 'common/name_lists/FUN1.txt' should be in utf8-bom encoding (will try to use it anyways)
[21:14:17][namelist.cpp:575]: Error: Failed Reading Ship Names!
	Reason: Invalid Ship Size:orbital_station
	common/name_lists/FUN1.txt(39)
[21:14:17][namelist.cpp:575]: Error: Failed Reading Ship Names!
	Reason: Invalid Ship Size:wormhole_station
	common/name_lists/FUN1.txt(42)
[21:14:17][namelist.cpp:575]: Error: Failed Reading Ship Names!
	Reason: Invalid Ship Size:outpost_station
	common/name_lists/FUN1.txt(45)
[21:14:17][lexer.cpp:277]: File 'common/name_lists/FUN2.txt' should be in utf8-bom encoding (will try to use it anyways)
[21:14:17][namelist.cpp:575]: Error: Failed Reading Ship Names!
	Reason: Invalid Ship Size:orbital_station
	common/name_lists/FUN2.txt(41)
[21:14:17][namelist.cpp:575]: Error: Failed Reading Ship Names!
	Reason: Invalid Ship Size:wormhole_station
	common/name_lists/FUN2.txt(44)
[21:14:17][namelist.cpp:575]: Error: Failed Reading Ship Names!
	Reason: Invalid Ship Size:outpost_station
	common/name_lists/FUN2.txt(47)
[21:14:17][lexer.cpp:277]: File 'common/name_lists/FUN3.txt' should be in utf8-bom encoding (will try to use it anyways)
[21:14:17][namelist.cpp:575]: Error: Failed Reading Ship Names!
	Reason: Invalid Ship Size:orbital_station
	common/name_lists/FUN3.txt(41)
[21:14:17][namelist.cpp:575]: Error: Failed Reading Ship Names!
	Reason: Invalid Ship Size:wormhole_station
	common/name_lists/FUN3.txt(44)
[21:14:17][namelist.cpp:575]: Error: Failed Reading Ship Names!
	Reason: Invalid Ship Size:outpost_station
	common/name_lists/FUN3.txt(47)
[21:14:17][namelist.cpp:575]: Error: Failed Reading Ship Names!
	Reason: Invalid Ship Size:orbital_station
	common/name_lists/HIVE.txt(42)
[21:14:17][namelist.cpp:575]: Error: Failed Reading Ship Names!
	Reason: Invalid Ship Size:wormhole_station
	common/name_lists/HIVE.txt(45)
[21:14:17][namelist.cpp:575]: Error: Failed Reading Ship Names!
	Reason: Invalid Ship Size:outpost_station
	common/name_lists/HIVE.txt(48)
[21:14:17][lexer.cpp:277]: File 'common/name_lists/HUM1.txt' should be in utf8-bom encoding (will try to use it anyways)
[21:14:17][namelist.cpp:575]: Error: Failed Reading Ship Names!
	Reason: Invalid Ship Size:wormhole_station
	common/name_lists/HUM1.txt(42)
[21:14:17][namelist.cpp:575]: Error: Failed Reading Ship Names!
	Reason: Invalid Ship Size:outpost_station
	common/name_lists/HUM1.txt(45)
[21:14:17][lexer.cpp:277]: File 'common/name_lists/HUM2.txt' should be in utf8-bom encoding (will try to use it anyways)
[21:14:17][namelist.cpp:575]: Error: Failed Reading Ship Names!
	Reason: Invalid Ship Size:wormhole_station
	common/name_lists/HUM2.txt(42)
[21:14:17][namelist.cpp:575]: Error: Failed Reading Ship Names!
	Reason: Invalid Ship Size:outpost_station
	common/name_lists/HUM2.txt(45)
[21:14:17][lexer.cpp:277]: File 'common/name_lists/HUM3.txt' should be in utf8-bom encoding (will try to use it anyways)
[21:14:17][namelist.cpp:575]: Error: Failed Reading Ship Names!
	Reason: Invalid Ship Size:wormhole_station
	common/name_lists/HUM3.txt(44)
[21:14:17][namelist.cpp:575]: Error: Failed Reading Ship Names!
	Reason: Invalid Ship Size:outpost_station
	common/name_lists/HUM3.txt(47)
[21:14:17][lexer.cpp:277]: File 'common/name_lists/HUM4.txt' should be in utf8-bom encoding (will try to use it anyways)
[21:14:17][namelist.cpp:575]: Error: Failed Reading Ship Names!
	Reason: Invalid Ship Size:wormhole_station
	common/name_lists/HUM4.txt(44)
[21:14:17][namelist.cpp:575]: Error: Failed Reading Ship Names!
	Reason: Invalid Ship Size:outpost_station
	common/name_lists/HUM4.txt(47)
[21:14:17][lexer.cpp:277]: File 'common/name_lists/Human.txt' should be in utf8-bom encoding (will try to use it anyways)
[21:14:17][namelist.cpp:575]: Error: Failed Reading Ship Names!
	Reason: Invalid Ship Size:wormhole_station
	common/name_lists/Human.txt(43)
[21:14:17][namelist.cpp:575]: Error: Failed Reading Ship Names!
	Reason: Invalid Ship Size:outpost_station
	common/name_lists/Human.txt(46)
[21:14:17][lexer.cpp:277]: File 'common/name_lists/Human2.txt' should be in utf8-bom encoding (will try to use it anyways)
[21:14:17][namelist.cpp:575]: Error: Failed Reading Ship Names!
	Reason: Invalid Ship Size:wormhole_station
	common/name_lists/Human2.txt(43)
[21:14:17][namelist.cpp:575]: Error: Failed Reading Ship Names!
	Reason: Invalid Ship Size:outpost_station
	common/name_lists/Human2.txt(46)
[21:14:17][lexer.cpp:277]: File 'common/name_lists/MAM1.txt' should be in utf8-bom encoding (will try to use it anyways)
[21:14:17][namelist.cpp:575]: Error: Failed Reading Ship Names!
	Reason: Invalid Ship Size:wormhole_station
	common/name_lists/MAM1.txt(42)
[21:14:17][namelist.cpp:575]: Error: Failed Reading Ship Names!
	Reason: Invalid Ship Size:outpost_station
	common/name_lists/MAM1.txt(45)
[21:14:17][lexer.cpp:277]: File 'common/name_lists/MAM2.txt' should be in utf8-bom encoding (will try to use it anyways)
[21:14:17][namelist.cpp:575]: Error: Failed Reading Ship Names!
	Reason: Invalid Ship Size:wormhole_station
	common/name_lists/MAM2.txt(41)
[21:14:17][namelist.cpp:575]: Error: Failed Reading Ship Names!
	Reason: Invalid Ship Size:outpost_station
	common/name_lists/MAM2.txt(44)
[21:14:17][lexer.cpp:277]: File 'common/name_lists/MAM3.txt' should be in utf8-bom encoding (will try to use it anyways)
[21:14:17][namelist.cpp:575]: Error: Failed Reading Ship Names!
	Reason: Invalid Ship Size:wormhole_station
	common/name_lists/MAM3.txt(43)
[21:14:17][namelist.cpp:575]: Error: Failed Reading Ship Names!
	Reason: Invalid Ship Size:outpost_station
	common/name_lists/MAM3.txt(46)
[21:14:17][lexer.cpp:277]: File 'common/name_lists/MOL1.txt' should be in utf8-bom encoding (will try to use it anyways)
[21:14:17][namelist.cpp:575]: Error: Failed Reading Ship Names!
	Reason: Invalid Ship Size:wormhole_station
	common/name_lists/MOL1.txt(40)
[21:14:17][namelist.cpp:575]: Error: Failed Reading Ship Names!
	Reason: Invalid Ship Size:outpost_station
	common/name_lists/MOL1.txt(43)
[21:14:17][lexer.cpp:277]: File 'common/name_lists/MOL2.txt' should be in utf8-bom encoding (will try to use it anyways)
[21:14:17][namelist.cpp:575]: Error: Failed Reading Ship Names!
	Reason: Invalid Ship Size:wormhole_station
	common/name_lists/MOL2.txt(41)
[21:14:17][namelist.cpp:575]: Error: Failed Reading Ship Names!
	Reason: Invalid Ship Size:outpost_station
	common/name_lists/MOL2.txt(44)
[21:14:17][lexer.cpp:277]: File 'common/name_lists/MOL3.txt' should be in utf8-bom encoding (will try to use it anyways)
[21:14:17][namelist.cpp:575]: Error: Failed Reading Ship Names!
	Reason: Invalid Ship Size:wormhole_station
	common/name_lists/MOL3.txt(41)
[21:14:17][namelist.cpp:575]: Error: Failed Reading Ship Names!
	Reason: Invalid Ship Size:outpost_station
	common/name_lists/MOL3.txt(44)
[21:14:17][lexer.cpp:277]: File 'common/name_lists/PLANT.txt' should be in utf8-bom encoding (will try to use it anyways)
[21:14:17][namelist.cpp:575]: Error: Failed Reading Ship Names!
	Reason: Invalid Ship Size:wormhole_station
	common/name_lists/PLANT.txt(44)
[21:14:17][namelist.cpp:575]: Error: Failed Reading Ship Names!
	Reason: Invalid Ship Size:terraform_station
	common/name_lists/PLANT.txt(45)
[21:14:17][namelist.cpp:575]: Error: Failed Reading Ship Names!
	Reason: Invalid Ship Size:outpost_station
	common/name_lists/PLANT.txt(47)
[21:14:17][lexer.cpp:277]: File 'common/name_lists/PLANT2.txt' should be in utf8-bom encoding (will try to use it anyways)
[21:14:17][namelist.cpp:575]: Error: Failed Reading Ship Names!
	Reason: Invalid Ship Size:wormhole_station
	common/name_lists/PLANT2.txt(44)
[21:14:17][namelist.cpp:575]: Error: Failed Reading Ship Names!
	Reason: Invalid Ship Size:terraform_station
	common/name_lists/PLANT2.txt(45)
[21:14:17][namelist.cpp:575]: Error: Failed Reading Ship Names!
	Reason: Invalid Ship Size:outpost_station
	common/name_lists/PLANT2.txt(47)
[21:14:17][lexer.cpp:277]: File 'common/name_lists/PLANT3.txt' should be in utf8-bom encoding (will try to use it anyways)
[21:14:17][namelist.cpp:575]: Error: Failed Reading Ship Names!
	Reason: Invalid Ship Size:wormhole_station
	common/name_lists/PLANT3.txt(44)
[21:14:17][namelist.cpp:575]: Error: Failed Reading Ship Names!
	Reason: Invalid Ship Size:terraform_station
	common/name_lists/PLANT3.txt(45)
[21:14:17][namelist.cpp:575]: Error: Failed Reading Ship Names!
	Reason: Invalid Ship Size:outpost_station
	common/name_lists/PLANT3.txt(47)
[21:14:17][lexer.cpp:277]: File 'common/name_lists/PLANT4.txt' should be in utf8-bom encoding (will try to use it anyways)
[21:14:17][namelist.cpp:575]: Error: Failed Reading Ship Names!
	Reason: Invalid Ship Size:wormhole_station
	common/name_lists/PLANT4.txt(45)
[21:14:17][namelist.cpp:575]: Error: Failed Reading Ship Names!
	Reason: Invalid Ship Size:terraform_station
	common/name_lists/PLANT4.txt(46)
[21:14:17][namelist.cpp:575]: Error: Failed Reading Ship Names!
	Reason: Invalid Ship Size:outpost_station
	common/name_lists/PLANT4.txt(48)
[21:14:17][lexer.cpp:277]: File 'common/name_lists/PRT1.txt' should be in utf8-bom encoding (will try to use it anyways)
[21:14:17][namelist.cpp:575]: Error: Failed Reading Ship Names!
	Reason: Invalid Ship Size:wormhole_station
	common/name_lists/PRT1.txt(47)
[21:14:17][lexer.cpp:277]: File 'common/name_lists/PRT2.txt' should be in utf8-bom encoding (will try to use it anyways)
[21:14:17][namelist.cpp:575]: Error: Failed Reading Ship Names!
	Reason: Invalid Ship Size:wormhole_station
	common/name_lists/PRT2.txt(48)
[21:14:17][lexer.cpp:277]: File 'common/name_lists/Prethoryn.txt' should be in utf8-bom encoding (will try to use it anyways)
[21:14:17][namelist.cpp:575]: Error: Failed Reading Ship Names!
	Reason: Invalid Ship Size:wormhole_station
	common/name_lists/Prethoryn.txt(41)
[21:14:17][lexer.cpp:277]: File 'common/name_lists/REP1.txt' should be in utf8-bom encoding (will try to use it anyways)
[21:14:17][namelist.cpp:575]: Error: Failed Reading Ship Names!
	Reason: Invalid Ship Size:wormhole_station
	common/name_lists/REP1.txt(43)
[21:14:17][namelist.cpp:575]: Error: Failed Reading Ship Names!
	Reason: Invalid Ship Size:outpost_station
	common/name_lists/REP1.txt(46)
[21:14:17][lexer.cpp:277]: File 'common/name_lists/REP2.txt' should be in utf8-bom encoding (will try to use it anyways)
[21:14:17][namelist.cpp:575]: Error: Failed Reading Ship Names!
	Reason: Invalid Ship Size:wormhole_station
	common/name_lists/REP2.txt(43)
[21:14:17][namelist.cpp:575]: Error: Failed Reading Ship Names!
	Reason: Invalid Ship Size:outpost_station
	common/name_lists/REP2.txt(46)
[21:14:17][lexer.cpp:277]: File 'common/name_lists/REP3.txt' should be in utf8-bom encoding (will try to use it anyways)
[21:14:17][namelist.cpp:575]: Error: Failed Reading Ship Names!
	Reason: Invalid Ship Size:wormhole_station
	common/name_lists/REP3.txt(44)
[21:14:17][namelist.cpp:575]: Error: Failed Reading Ship Names!
	Reason: Invalid Ship Size:outpost_station
	common/name_lists/REP3.txt(47)
[21:14:18][event_chain.cpp:106]: Event chain "tutorial_16_chain" is missing localization for "tutorial_16_chain_desc".
[21:14:20][localization_util.cpp:24]: Missing localization key [casus_belli_cb_sublimation] 
[21:14:20][building_type.cpp:533]: Missing building Localization Key: building_hab_stronghold
[21:14:20][building_type.cpp:533]: Missing building Localization Key: building_hab_stronghold_desc
[21:14:21][persistent.cpp:34]: Error: "Unexpected token: ﻿, near line: 2
Unexpected token: =, near line: 2
" in file: "common/random_names/00_pop_faction_names.txt" near line: 18
[21:14:21][trigger_impl.cpp:13645]: invalid pop faction type [democratic_election_faction_1].  file: common/random_names/00_pop_faction_names.txt line: 469
[21:14:21][trigger_impl.cpp:13645]: invalid pop faction type [democratic_election_faction_2].  file: common/random_names/00_pop_faction_names.txt line: 504
[21:16:33][persistent.cpp:34]: Error: "Unexpected token: ﻿, near line: 2
Unexpected token: =, near line: 2
" in file: "common/random_names/00_pop_faction_names.txt" near line: 18
[21:16:33][trigger_impl.cpp:13645]: invalid pop faction type [democratic_election_faction_1].  file: common/random_names/00_pop_faction_names.txt line: 469
[21:16:33][trigger_impl.cpp:13645]: invalid pop faction type [democratic_election_faction_2].  file: common/random_names/00_pop_faction_names.txt line: 504
[21:16:56][persistent.cpp:34]: Error: "Unexpected token: ﻿, near line: 2
Unexpected token: =, near line: 2
" in file: "common/random_names/00_pop_faction_names.txt" near line: 18
[21:16:56][trigger_impl.cpp:13645]: invalid pop faction type [democratic_election_faction_1].  file: common/random_names/00_pop_faction_names.txt line: 469
[21:16:56][trigger_impl.cpp:13645]: invalid pop faction type [democratic_election_faction_2].  file: common/random_names/00_pop_faction_names.txt line: 504
[21:29:41][country.cpp:11377]: Invalid contact location for first contact between 肯约尔主星联盟 and Galactic Nomads
[21:40:33][trigger.cpp:366]: country scope contains invalid object at file: common/scripted_triggers/00_scripted_triggers.txt line: 559
[21:40:33][trigger.cpp:366]: country scope contains invalid object at file: common/scripted_triggers/00_scripted_triggers.txt line: 560
[21:40:33][trigger.cpp:366]: country scope contains invalid object at file: common/diplo_phrases/00_diplo_phrases.txt line: 19130
[21:40:33][trigger.cpp:366]: country scope contains invalid object at file: common/diplo_phrases/00_diplo_phrases.txt line: 19136
[21:40:33][trigger.cpp:366]: country scope contains invalid object at file: common/diplo_phrases/00_diplo_phrases.txt line: 19137
[21:40:33][trigger.cpp:366]: country scope contains invalid object at file: common/diplo_phrases/00_diplo_phrases.txt line: 19145
[21:40:33][trigger.cpp:366]: country scope contains invalid object at file: common/diplo_phrases/00_diplo_phrases.txt line: 19146
[21:40:33][trigger.cpp:366]: country scope contains invalid object at file: common/diplo_phrases/00_diplo_phrases.txt line: 19147
[21:40:33][trigger.cpp:366]: country scope contains invalid object at file: common/diplo_phrases/00_diplo_phrases.txt line: 19154
[21:40:33][trigger.cpp:366]: country scope contains invalid object at file: common/diplo_phrases/00_diplo_phrases.txt line: 19160
[21:40:33][trigger.cpp:366]: country scope contains invalid object at file: common/diplo_phrases/00_diplo_phrases.txt line: 19165
[21:40:33][trigger.cpp:366]: country scope contains invalid object at file: common/diplo_phrases/00_diplo_phrases.txt line: 19171
[21:44:23][trigger.cpp:366]: country scope contains invalid object at file: common/scripted_triggers/00_scripted_triggers.txt line: 559
[21:44:23][trigger.cpp:366]: country scope contains invalid object at file: common/scripted_triggers/00_scripted_triggers.txt line: 560
[21:44:23][trigger.cpp:366]: country scope contains invalid object at file: common/diplo_phrases/00_diplo_phrases.txt line: 19130
[21:44:23][trigger.cpp:366]: country scope contains invalid object at file: common/diplo_phrases/00_diplo_phrases.txt line: 19136
[21:44:23][trigger.cpp:366]: country scope contains invalid object at file: common/diplo_phrases/00_diplo_phrases.txt line: 19137
[21:44:23][trigger.cpp:366]: country scope contains invalid object at file: common/diplo_phrases/00_diplo_phrases.txt line: 19145
[21:44:23][trigger.cpp:366]: country scope contains invalid object at file: common/diplo_phrases/00_diplo_phrases.txt line: 19146
[21:44:23][trigger.cpp:366]: country scope contains invalid object at file: common/diplo_phrases/00_diplo_phrases.txt line: 19147
[21:44:23][trigger.cpp:366]: country scope contains invalid object at file: common/diplo_phrases/00_diplo_phrases.txt line: 19154
[21:44:23][trigger.cpp:366]: country scope contains invalid object at file: common/diplo_phrases/00_diplo_phrases.txt line: 19160
[21:44:23][trigger.cpp:366]: country scope contains invalid object at file: common/diplo_phrases/00_diplo_phrases.txt line: 19165
[21:44:23][trigger.cpp:366]: country scope contains invalid object at file: common/diplo_phrases/00_diplo_phrases.txt line: 19171
[21:44:51][trigger.cpp:366]: country scope contains invalid object at file: common/scripted_triggers/00_scripted_triggers.txt line: 559
[21:44:51][trigger.cpp:366]: country scope contains invalid object at file: common/scripted_triggers/00_scripted_triggers.txt line: 560
[21:44:51][trigger.cpp:366]: country scope contains invalid object at file: common/diplo_phrases/00_diplo_phrases.txt line: 19130
[21:44:51][trigger.cpp:366]: country scope contains invalid object at file: common/diplo_phrases/00_diplo_phrases.txt line: 19136
[21:44:51][trigger.cpp:366]: country scope contains invalid object at file: common/diplo_phrases/00_diplo_phrases.txt line: 19137
[21:44:51][trigger.cpp:366]: country scope contains invalid object at file: common/diplo_phrases/00_diplo_phrases.txt line: 19145
[21:44:51][trigger.cpp:366]: country scope contains invalid object at file: common/diplo_phrases/00_diplo_phrases.txt line: 19146
[21:44:51][trigger.cpp:366]: country scope contains invalid object at file: common/diplo_phrases/00_diplo_phrases.txt line: 19147
[21:44:51][trigger.cpp:366]: country scope contains invalid object at file: common/diplo_phrases/00_diplo_phrases.txt line: 19154
[21:44:51][trigger.cpp:366]: country scope contains invalid object at file: common/diplo_phrases/00_diplo_phrases.txt line: 19160
[21:44:51][trigger.cpp:366]: country scope contains invalid object at file: common/diplo_phrases/00_diplo_phrases.txt line: 19165
[21:44:51][trigger.cpp:366]: country scope contains invalid object at file: common/diplo_phrases/00_diplo_phrases.txt line: 19171
[21:49:02][trigger.cpp:366]: country scope contains invalid object at file: common/scripted_triggers/00_scripted_triggers.txt line: 559
[21:49:02][trigger.cpp:366]: country scope contains invalid object at file: common/scripted_triggers/00_scripted_triggers.txt line: 560
[21:49:02][trigger.cpp:366]: country scope contains invalid object at file: common/diplo_phrases/00_diplo_phrases.txt line: 19130
[21:49:02][trigger.cpp:366]: country scope contains invalid object at file: common/diplo_phrases/00_diplo_phrases.txt line: 19136
[21:49:02][trigger.cpp:366]: country scope contains invalid object at file: common/diplo_phrases/00_diplo_phrases.txt line: 19137
[21:49:02][trigger.cpp:366]: country scope contains invalid object at file: common/diplo_phrases/00_diplo_phrases.txt line: 19145
[21:49:02][trigger.cpp:366]: country scope contains invalid object at file: common/diplo_phrases/00_diplo_phrases.txt line: 19146
[21:49:02][trigger.cpp:366]: country scope contains invalid object at file: common/diplo_phrases/00_diplo_phrases.txt line: 19147
[21:49:02][trigger.cpp:366]: country scope contains invalid object at file: common/diplo_phrases/00_diplo_phrases.txt line: 19154
[21:49:02][trigger.cpp:366]: country scope contains invalid object at file: common/diplo_phrases/00_diplo_phrases.txt line: 19160
[21:49:02][trigger.cpp:366]: country scope contains invalid object at file: common/diplo_phrases/00_diplo_phrases.txt line: 19165
[21:49:02][trigger.cpp:366]: country scope contains invalid object at file: common/diplo_phrases/00_diplo_phrases.txt line: 19171
[22:01:26][trigger.cpp:366]: country scope contains invalid object at file: common/scripted_triggers/00_scripted_triggers.txt line: 559
[22:01:26][trigger.cpp:366]: country scope contains invalid object at file: common/scripted_triggers/00_scripted_triggers.txt line: 560
[22:01:26][trigger.cpp:366]: country scope contains invalid object at file: common/diplo_phrases/00_diplo_phrases.txt line: 19130
[22:01:26][trigger.cpp:366]: country scope contains invalid object at file: common/diplo_phrases/00_diplo_phrases.txt line: 19136
[22:01:26][trigger.cpp:366]: country scope contains invalid object at file: common/diplo_phrases/00_diplo_phrases.txt line: 19137
[22:01:26][trigger.cpp:366]: country scope contains invalid object at file: common/diplo_phrases/00_diplo_phrases.txt line: 19145
[22:01:26][trigger.cpp:366]: country scope contains invalid object at file: common/diplo_phrases/00_diplo_phrases.txt line: 19146
[22:01:26][trigger.cpp:366]: country scope contains invalid object at file: common/diplo_phrases/00_diplo_phrases.txt line: 19147
[22:01:26][trigger.cpp:366]: country scope contains invalid object at file: common/diplo_phrases/00_diplo_phrases.txt line: 19154
[22:01:26][trigger.cpp:366]: country scope contains invalid object at file: common/diplo_phrases/00_diplo_phrases.txt line: 19160
[22:01:26][trigger.cpp:366]: country scope contains invalid object at file: common/diplo_phrases/00_diplo_phrases.txt line: 19165
[22:01:26][trigger.cpp:366]: country scope contains invalid object at file: common/diplo_phrases/00_diplo_phrases.txt line: 19171
